<?xml version="1.0" encoding="UTF-8"?>
<!-- Generated by org.testng.reporters.JUnitReportReporter -->
<testsuite skipped="0" hostname="TOSHIBA" name="drivenTestApps.DataDrivenTestingUsingExcel" tests="4" failures="0" timestamp="16 Mar 2018 21:12:06 GMT" time="6.406" errors="0">
  <testcase name="f" time="1.699" classname="drivenTestApps.DataDrivenTestingUsingExcel"/>
  <testcase name="f" time="1.596" classname="drivenTestApps.DataDrivenTestingUsingExcel"/>
  <testcase name="f" time="1.611" classname="drivenTestApps.DataDrivenTestingUsingExcel"/>
  <testcase name="f" time="1.500" classname="drivenTestApps.DataDrivenTestingUsingExcel"/>
</testsuite> <!-- drivenTestApps.DataDrivenTestingUsingExcel -->
