<?xml version="1.0" encoding="UTF-8"?>
<!-- Generated by org.testng.reporters.JUnitReportReporter -->
<testsuite skipped="0" hostname="TOSHIBA" name="drivenTestApps.DataDrivenTestingUsingExcel" tests="4" failures="0" timestamp="07 Apr 2018 22:57:40 GMT" time="5.431" errors="0">
  <testcase name="f" time="1.389" classname="drivenTestApps.DataDrivenTestingUsingExcel"/>
  <testcase name="f" time="1.324" classname="drivenTestApps.DataDrivenTestingUsingExcel"/>
  <testcase name="f" time="1.424" classname="drivenTestApps.DataDrivenTestingUsingExcel"/>
  <testcase name="f" time="1.294" classname="drivenTestApps.DataDrivenTestingUsingExcel"/>
</testsuite> <!-- drivenTestApps.DataDrivenTestingUsingExcel -->
