<?xml version="1.0" encoding="UTF-8"?>
<!-- Generated by org.testng.reporters.JUnitReportReporter -->
<testsuite skipped="0" hostname="TOSHIBA" name="drivenTestApps.KeyWordDrivenTest" tests="1" failures="0" timestamp="07 Apr 2018 22:58:18 GMT" time="22.182" errors="0">
  <testcase name="test" time="22.182" classname="drivenTestApps.KeyWordDrivenTest"/>
</testsuite> <!-- drivenTestApps.KeyWordDrivenTest -->
