<?xml version="1.0" encoding="UTF-8"?>
<!-- Generated by org.testng.reporters.JUnitReportReporter -->
<testsuite skipped="0" hostname="TOSHIBA" name="drivenTestApps.KeyWordDrivenTest" tests="1" failures="0" timestamp="16 Mar 2018 21:28:24 GMT" time="30.981" errors="0">
  <testcase name="test" time="30.981" classname="drivenTestApps.KeyWordDrivenTest"/>
</testsuite> <!-- drivenTestApps.KeyWordDrivenTest -->
