<?xml version="1.0" encoding="UTF-8"?>
<!-- Generated by org.testng.reporters.JUnitReportReporter -->
<testsuite skipped="0" hostname="TOSHIBA" name="drivenTestApps.HybridTesting" tests="3" failures="0" timestamp="24 Mar 2018 01:55:31 GMT" time="0.042" errors="0">
  <testcase name="verifyData3" time="0.005" classname="drivenTestApps.HybridTesting"/>
  <testcase name="verifyData3" time="0.012" classname="drivenTestApps.HybridTesting"/>
  <testcase name="verifyData3" time="0.025" classname="drivenTestApps.HybridTesting"/>
</testsuite> <!-- drivenTestApps.HybridTesting -->
