<?xml version="1.0" encoding="UTF-8"?>
<!-- Generated by org.testng.reporters.JUnitReportReporter -->
<testsuite skipped="0" hostname="TOSHIBA" name="drivenTestApps.HybridTesting" tests="3" failures="0" timestamp="16 Mar 2018 21:11:48 GMT" time="0.017" errors="0">
  <testcase name="verifyData3" time="0.002" classname="drivenTestApps.HybridTesting"/>
  <testcase name="verifyData3" time="0.003" classname="drivenTestApps.HybridTesting"/>
  <testcase name="verifyData3" time="0.012" classname="drivenTestApps.HybridTesting"/>
</testsuite> <!-- drivenTestApps.HybridTesting -->
